The system is: Windows - 10.0.18362 - AMD64
Compiling the C compiler identification source file "CMakeCCompilerId.c" succeeded.
Compiler: C:/Program Files (x86)/Microsoft Visual Studio/2019/Community/VC/Tools/MSVC/14.20.27508/bin/Hostx86/x86/cl.exe 
Build flags: 
Id flags:  

The output was:
0
Microsoft (R) C/C++ Optimizing Compiler Version 19.20.27508.1 for x86
Copyright (C) Microsoft Corporation.  All rights reserved.

CMakeCCompilerId.c
Microsoft (R) Incremental Linker Version 14.20.27508.1
Copyright (C) Microsoft Corporation.  All rights reserved.

/out:CMakeCCompilerId.exe 
CMakeCCompilerId.obj 


Compilation of the C compiler identification source "CMakeCCompilerId.c" produced "CMakeCCompilerId.exe"

Compilation of the C compiler identification source "CMakeCCompilerId.c" produced "CMakeCCompilerId.obj"

The C compiler identification is MSVC, found in "C:/Users/danie/CLionProjects/Phonebook/cmake-build-debug/CMakeFiles/3.16.5/CompilerIdC/CMakeCCompilerId.exe"

Determining if the C compiler works passed with the following output:
Change Dir: C:/Users/danie/CLionProjects/Phonebook/cmake-build-debug/CMakeFiles/CMakeTmp

Run Build Command(s):nmake /nologo cmTC_a1f83\fast && 	"C:\Program Files (x86)\Microsoft Visual Studio\2019\Community\VC\Tools\MSVC\14.20.27508\bin\HostX86\x86\nmake.exe" -f CMakeFiles\cmTC_a1f83.dir\build.make /nologo -L                  CMakeFiles\cmTC_a1f83.dir\build
Building C object CMakeFiles/cmTC_a1f83.dir/testCCompiler.c.obj
	C:\PROGRA~2\MICROS~1\2019\COMMUN~1\VC\Tools\MSVC\1420~1.275\bin\Hostx86\x86\cl.exe @C:\Users\danie\AppData\Local\Temp\nmBC4.tmp
testCCompiler.c
Linking C executable cmTC_a1f83.exe
	"C:\Program Files\JetBrains\CLion 2020.1.1\bin\cmake\win\bin\cmake.exe" -E vs_link_exe --intdir=CMakeFiles\cmTC_a1f83.dir --rc=C:\PROGRA~2\WI3CF2~1\10\bin\100177~1.0\x86\rc.exe --mt=C:\PROGRA~2\WI3CF2~1\10\bin\100177~1.0\x86\mt.exe --manifests  -- C:\PROGRA~2\MICROS~1\2019\COMMUN~1\VC\Tools\MSVC\1420~1.275\bin\Hostx86\x86\link.exe /nologo @CMakeFiles\cmTC_a1f83.dir\objects1.rsp @C:\Users\danie\AppData\Local\Temp\nmD1D.tmp



Detecting C compiler ABI info compiled with the following output:
Change Dir: C:/Users/danie/CLionProjects/Phonebook/cmake-build-debug/CMakeFiles/CMakeTmp

Run Build Command(s):nmake /nologo cmTC_dd6c9\fast && 	"C:\Program Files (x86)\Microsoft Visual Studio\2019\Community\VC\Tools\MSVC\14.20.27508\bin\HostX86\x86\nmake.exe" -f CMakeFiles\cmTC_dd6c9.dir\build.make /nologo -L                  CMakeFiles\cmTC_dd6c9.dir\build
Building C object CMakeFiles/cmTC_dd6c9.dir/CMakeCCompilerABI.c.obj
	C:\PROGRA~2\MICROS~1\2019\COMMUN~1\VC\Tools\MSVC\1420~1.275\bin\Hostx86\x86\cl.exe @C:\Users\danie\AppData\Local\Temp\nmF6E.tmp
CMakeCCompilerABI.c
Linking C executable cmTC_dd6c9.exe
	"C:\Program Files\JetBrains\CLion 2020.1.1\bin\cmake\win\bin\cmake.exe" -E vs_link_exe --intdir=CMakeFiles\cmTC_dd6c9.dir --rc=C:\PROGRA~2\WI3CF2~1\10\bin\100177~1.0\x86\rc.exe --mt=C:\PROGRA~2\WI3CF2~1\10\bin\100177~1.0\x86\mt.exe --manifests  -- C:\PROGRA~2\MICROS~1\2019\COMMUN~1\VC\Tools\MSVC\1420~1.275\bin\Hostx86\x86\link.exe /nologo @CMakeFiles\cmTC_dd6c9.dir\objects1.rsp @C:\Users\danie\AppData\Local\Temp\nmFBD.tmp



